2025-11-20 13:04:16 [INFO]: Login attempt for email: duythenights@gmail.com
2025-11-20 13:04:16 [INFO]: Creating session for user ID: 691ea0472adddae5dfc53a30
2025-11-20 13:04:16 [INFO]: Signing tokens for user ID: 691ea0472adddae5dfc53a30
2025-11-20 13:04:16 [INFO]: Login successful for user ID: 691ea0472adddae5dfc53a30
2025-11-20 13:05:26 [INFO]: userAgent: PostmanRuntime/7.49.1
2025-11-20 13:05:26 [INFO]: Login attempt for email: duythenights@gmail.com
2025-11-20 13:05:27 [INFO]: Creating session for user ID: 691ea0472adddae5dfc53a30
2025-11-20 13:05:27 [INFO]: Signing tokens for user ID: 691ea0472adddae5dfc53a30
2025-11-20 13:05:27 [INFO]: Login successful for user ID: 691ea0472adddae5dfc53a30
2025-11-20 13:10:33 [INFO]: userAgent: PostmanRuntime/7.49.1
2025-11-20 13:10:33 [INFO]: Login attempt for email: duythenights@gmail.com
2025-11-20 13:10:33 [WARN]: Login failed: Invalid password for email: duythenights@gmail.com
2025-11-20 13:10:39 [INFO]: userAgent: PostmanRuntime/7.49.1
2025-11-20 13:10:39 [INFO]: Login attempt for email: duythenights@gmail.com
2025-11-20 13:10:39 [INFO]: Creating session for user ID: 691ea0472adddae5dfc53a30
2025-11-20 13:10:39 [INFO]: Signing tokens for user ID: 691ea0472adddae5dfc53a30
2025-11-20 13:10:39 [INFO]: Login successful for user ID: 691ea0472adddae5dfc53a30
2025-11-20 13:24:20 [INFO]: userAgent: PostmanRuntime/7.49.1
2025-11-20 13:24:20 [INFO]: Login attempt for email: duythenights@gmail.com
2025-11-20 13:24:20 [INFO]: Creating session for user ID: 691ea0472adddae5dfc53a30
2025-11-20 13:24:20 [INFO]: Signing tokens for user ID: 691ea0472adddae5dfc53a30
2025-11-20 13:24:20 [INFO]: Login successful for user ID: 691ea0472adddae5dfc53a30
2025-11-20 13:24:47 [INFO]: userAgent: PostmanRuntime/7.49.1
2025-11-20 13:24:47 [INFO]: Login attempt for email: duythenights@gmail.com
2025-11-20 13:24:47 [INFO]: Creating session for user ID: 691ea0472adddae5dfc53a30
2025-11-20 13:24:47 [INFO]: Signing tokens for user ID: 691ea0472adddae5dfc53a30
2025-11-20 13:24:47 [INFO]: Login successful for user ID: 691ea0472adddae5dfc53a30
2025-11-20 13:25:07 [INFO]: userAgent: PostmanRuntime/7.49.1
2025-11-20 13:25:07 [INFO]: Login attempt for email: duythenights@gmail.com
2025-11-20 13:25:07 [INFO]: Creating session for user ID: 691ea0472adddae5dfc53a30
2025-11-20 13:25:07 [INFO]: Signing tokens for user ID: 691ea0472adddae5dfc53a30
2025-11-20 13:25:07 [INFO]: Login successful for user ID: 691ea0472adddae5dfc53a30
2025-11-20 13:30:55 [INFO]: userAgent: PostmanRuntime/7.49.1
2025-11-20 13:30:55 [INFO]: Login attempt for email: duythenights@gmail.com
2025-11-20 13:30:55 [INFO]: Creating session for user ID: 691ea0472adddae5dfc53a30
2025-11-20 13:30:55 [INFO]: Signing tokens for user ID: 691ea0472adddae5dfc53a30
2025-11-20 13:30:55 [INFO]: Login successful for user ID: 691ea0472adddae5dfc53a30
2025-11-20 13:53:53 [INFO]: userAgent: PostmanRuntime/7.49.1
2025-11-20 13:53:53 [INFO]: Login attempt for email: duythenights@gmail.com
2025-11-20 13:53:53 [INFO]: Creating session for user ID: 691ea0472adddae5dfc53a30
2025-11-20 13:53:53 [INFO]: Signing tokens for user ID: 691ea0472adddae5dfc53a30
2025-11-20 13:53:53 [INFO]: Login successful for user ID: 691ea0472adddae5dfc53a30
2025-11-20 14:28:24 [INFO]: userAgent: PostmanRuntime/7.49.1
2025-11-20 14:28:24 [INFO]: Login attempt for email: duythenights@gmail.com
2025-11-20 14:28:24 [WARN]: Login failed: Invalid password for email: duythenights@gmail.com
2025-11-20 14:28:32 [INFO]: userAgent: PostmanRuntime/7.49.1
2025-11-20 14:28:32 [INFO]: Login attempt for email: duythenights@gmail.com
2025-11-20 14:28:32 [INFO]: Creating session for user ID: 691ea0472adddae5dfc53a30
2025-11-20 14:28:32 [INFO]: Signing tokens for user ID: 691ea0472adddae5dfc53a30
2025-11-20 14:28:32 [INFO]: Login successful for user ID: 691ea0472adddae5dfc53a30
2025-11-20 14:45:28 [INFO]: userAgent: PostmanRuntime/7.49.1
2025-11-20 14:45:28 [INFO]: Login attempt for email: duythenights@gmail.com
2025-11-20 14:45:28 [INFO]: Creating session for user ID: 691ea0472adddae5dfc53a30
2025-11-20 14:45:28 [INFO]: Signing tokens for user ID: 691ea0472adddae5dfc53a30
2025-11-20 14:45:28 [INFO]: Login successful for user ID: 691ea0472adddae5dfc53a30
2025-11-20 14:49:43 [INFO]: userAgent: PostmanRuntime/7.49.1
2025-11-20 14:49:43 [INFO]: Login attempt for email: duythenights@gmail.com
2025-11-20 14:49:43 [INFO]: Creating session for user ID: 691ea0472adddae5dfc53a30
2025-11-20 14:49:43 [INFO]: Signing tokens for user ID: 691ea0472adddae5dfc53a30
2025-11-20 14:49:43 [INFO]: Login successful for user ID: 691ea0472adddae5dfc53a30
2025-11-20 14:52:44 [INFO]: userAgent: PostmanRuntime/7.49.1
2025-11-20 14:52:44 [INFO]: Login attempt for email: duythenights@gmail.com
2025-11-20 14:52:45 [INFO]: Creating session for user ID: 691ea0472adddae5dfc53a30
2025-11-20 14:52:45 [INFO]: Signing tokens for user ID: 691ea0472adddae5dfc53a30
2025-11-20 14:52:45 [INFO]: Login successful for user ID: 691ea0472adddae5dfc53a30
2025-11-20 14:53:53 [INFO]: userAgent: PostmanRuntime/7.49.1
2025-11-20 14:53:53 [INFO]: Login attempt for email: duythenights@gmail.com
2025-11-20 14:53:53 [WARN]: Login failed: User with email duythenights@gmail.com not found
2025-11-20 14:55:19 [INFO]: userAgent: PostmanRuntime/7.49.1
2025-11-20 14:55:19 [INFO]: Login attempt for email: duythenights@gmail.com
2025-11-20 14:55:19 [INFO]: Creating session for user ID: 691ec918218b9c1fda51120a
2025-11-20 14:55:19 [INFO]: Signing tokens for user ID: 691ec918218b9c1fda51120a
2025-11-20 14:55:19 [INFO]: Login successful for user ID: 691ec918218b9c1fda51120a
2025-11-20 14:57:48 [INFO]: userAgent: PostmanRuntime/7.49.1
2025-11-20 14:57:48 [INFO]: Login attempt for email: duythenights@gmail.com
2025-11-20 14:57:48 [INFO]: Creating session for user ID: 691ec918218b9c1fda51120a
2025-11-20 14:57:48 [INFO]: Signing tokens for user ID: 691ec918218b9c1fda51120a
2025-11-20 14:57:48 [INFO]: Login successful for user ID: 691ec918218b9c1fda51120a
2025-11-20 15:06:43 [INFO]: userAgent: PostmanRuntime/7.49.1
2025-11-20 15:06:43 [INFO]: Login attempt for email: duythenights@gmail.com
2025-11-20 15:06:43 [INFO]: 2FA required for user ID: 691ec918218b9c1fda51120a
2025-11-20 15:08:35 [INFO]: userAgent: PostmanRuntime/7.49.1
2025-11-20 15:08:35 [INFO]: Login attempt for email: duythenights@gmail.com
2025-11-20 15:08:35 [INFO]: Creating session for user ID: 691ec918218b9c1fda51120a
2025-11-20 15:08:35 [INFO]: Signing tokens for user ID: 691ec918218b9c1fda51120a
2025-11-20 15:08:35 [INFO]: Login successful for user ID: 691ec918218b9c1fda51120a
2025-11-20 15:08:56 [INFO]: userAgent: PostmanRuntime/7.49.1
2025-11-20 15:08:56 [INFO]: Login attempt for email: duythenights@gmail.com
2025-11-20 15:08:56 [INFO]: Creating session for user ID: 691ec918218b9c1fda51120a
2025-11-20 15:08:56 [INFO]: Signing tokens for user ID: 691ec918218b9c1fda51120a
2025-11-20 15:08:56 [INFO]: Login successful for user ID: 691ec918218b9c1fda51120a
2025-11-20 15:09:09 [INFO]: userAgent: PostmanRuntime/7.49.1
2025-11-20 15:09:09 [INFO]: Login attempt for email: duythenights@gmail.com
2025-11-20 15:09:09 [INFO]: Creating session for user ID: 691ec918218b9c1fda51120a
2025-11-20 15:09:09 [INFO]: Signing tokens for user ID: 691ec918218b9c1fda51120a
2025-11-20 15:09:09 [INFO]: Login successful for user ID: 691ec918218b9c1fda51120a
2025-11-20 15:10:27 [INFO]: userAgent: PostmanRuntime/7.49.1
2025-11-20 15:10:27 [INFO]: Login attempt for email: duythenights@gmail.com
2025-11-20 15:10:27 [INFO]: 2FA required for user ID: 691ec918218b9c1fda51120a
2025-11-20 15:10:44 [INFO]: userAgent: PostmanRuntime/7.49.1
2025-11-20 15:10:44 [INFO]: Login attempt for email: duythenights@gmail.com
2025-11-20 15:10:44 [INFO]: Creating session for user ID: 691ec918218b9c1fda51120a
2025-11-20 15:10:44 [INFO]: Signing tokens for user ID: 691ec918218b9c1fda51120a
2025-11-20 15:10:44 [INFO]: Login successful for user ID: 691ec918218b9c1fda51120a
2025-11-20 15:12:10 [INFO]: userAgent: PostmanRuntime/7.49.1
2025-11-20 15:12:10 [INFO]: Login attempt for email: duythenights@gmail.com
2025-11-20 15:12:10 [INFO]: 2FA required for user ID: 691ec918218b9c1fda51120a
2025-11-20 15:15:56 [INFO]: userAgent: PostmanRuntime/7.49.1
2025-11-20 15:15:56 [INFO]: Login attempt for email: duythenights@gmail.com
2025-11-20 15:15:56 [INFO]: 2FA required for user ID: 691ec918218b9c1fda51120a
